2026-02-16 18:30:18,478 - INFO - Reading logs from sample.log
2026-02-16 18:39:34,672 - INFO - LAUNCHING THE LOG ANALYZER
2026-02-16 18:39:34,672 - INFO - Parameters: file:sample.log, output:report_v5.json, level:WARNING
2026-02-16 18:39:34,673 - INFO - Reading logs from sample.log
2026-02-16 18:39:34,673 - INFO - Start parsing log
2026-02-16 18:39:34,673 - INFO - Parsing completed: {'ERROR': 0, 'WARNING': 5, 'INFO': 0}
2026-02-16 18:39:34,673 - INFO - Saving report to report_v5.json
2026-02-16 18:39:34,673 - INFO - Report saved
2026-02-16 18:39:34,674 - INFO - Stats by logs level:
2026-02-16 18:39:34,674 - INFO -  ERROR: 0
2026-02-16 18:39:34,674 - INFO -  WARNING: 5
2026-02-16 18:39:34,674 - INFO -  INFO: 0
2026-02-16 18:40:26,839 - INFO - LAUNCHING THE LOG ANALYZER
2026-02-16 18:40:26,839 - INFO - Parameters: file:non_existent.log, output:report.json, level:None
2026-02-16 18:40:26,839 - INFO - Reading logs from non_existent.log
2026-02-16 18:40:26,839 - ERROR - File non_existent.log doesn't exist
2026-02-16 18:40:26,839 - CRITICAL - Critical Error: [Errno 2] No such file or directory: 'non_existent.log'
Traceback (most recent call last):
  File "/home/vova/PycharmProjects/devops-project/log-analyzer/log_analyzer.py", line 78, in main
    content = read_log_files(args.file)
              ^^^^^^^^^^^^^^^^^^^^^^^^^
  File "/home/vova/PycharmProjects/devops-project/log-analyzer/log_analyzer.py", line 32, in read_log_files
    return path.read_text(encoding='utf-8', errors='ignore')
           ^^^^^^^^^^^^^^^^^^^^^^^^^^^^^^^^^^^^^^^^^^^^^^^^^
  File "/usr/lib/python3.12/pathlib.py", line 1029, in read_text
    with self.open(mode='r', encoding=encoding, errors=errors) as f:
         ^^^^^^^^^^^^^^^^^^^^^^^^^^^^^^^^^^^^^^^^^^^^^^^^^^^^^
  File "/usr/lib/python3.12/pathlib.py", line 1015, in open
    return io.open(self, mode, buffering, encoding, errors, newline)
           ^^^^^^^^^^^^^^^^^^^^^^^^^^^^^^^^^^^^^^^^^^^^^^^^^^^^^^^^^
FileNotFoundError: [Errno 2] No such file or directory: 'non_existent.log'
2026-02-22 13:56:08,101 - INFO - Prometheus metrics server started on port 8000
2026-02-22 13:56:08,102 - INFO - LAUNCHING THE LOG ANALYZER
2026-02-22 13:56:08,102 - INFO - Parameters: file:sample.log, output:report.json, level:None
2026-02-22 13:56:08,103 - INFO - Reading logs from sample.log
2026-02-22 13:56:08,103 - INFO - Start parsing log
2026-02-22 13:56:08,104 - INFO - Parsing completed: {'ERROR': 5, 'WARNING': 5, 'INFO': 42}
2026-02-22 13:56:08,104 - INFO - Saving report to report.json
2026-02-22 13:56:08,104 - INFO - Report saved
2026-02-22 13:56:08,104 - INFO - Stats by logs level:
2026-02-22 13:56:08,104 - INFO -  ERROR: 5
2026-02-22 13:56:08,104 - INFO -  WARNING: 5
2026-02-22 13:56:08,104 - INFO -  INFO: 42
2026-02-22 14:00:08,244 - INFO - Prometheus metrics server started on port 8000
2026-02-22 14:00:08,244 - INFO - LAUNCHING THE LOG ANALYZER
2026-02-22 14:00:08,244 - INFO - Parameters: file:sample.log, output:report.json, level:None
2026-02-22 14:00:08,245 - INFO - Reading logs from sample.log
2026-02-22 14:00:08,245 - INFO - Start parsing log
2026-02-22 14:00:08,245 - INFO - Parsing completed: {'ERROR': 5, 'WARNING': 5, 'INFO': 42}
2026-02-22 14:00:08,245 - INFO - Saving report to report.json
2026-02-22 14:00:08,246 - INFO - Report saved
2026-02-22 14:00:08,246 - INFO - Stats by logs level:
2026-02-22 14:00:08,246 - INFO -  ERROR: 5
2026-02-22 14:00:08,246 - INFO -  WARNING: 5
2026-02-22 14:00:08,246 - INFO -  INFO: 42
2026-02-22 14:00:08,246 - INFO - Keeping metrics server alive for 60 seconds...
2026-02-22 14:01:08,246 - INFO - Exiting after 60 seconds
2026-02-28 12:55:27,497 - INFO - Prometheus metrics server started on port 8000
2026-02-28 12:55:27,498 - INFO - LAUNCHING THE LOG ANALYZER
2026-02-28 12:55:27,498 - INFO - Parameters: file:sample.log, output:report.json, level:None
2026-02-28 12:55:27,498 - INFO - Reading logs from sample.log
2026-02-28 12:55:27,499 - INFO - Start parsing log
2026-02-28 12:55:27,499 - INFO - Parsing completed: {'ERROR': 5, 'WARNING': 5, 'INFO': 42}
2026-02-28 12:55:27,499 - INFO - Saving report to report.json
2026-02-28 12:55:27,500 - INFO - Report saved
2026-02-28 12:55:27,500 - INFO - Stats by logs level:
2026-02-28 12:55:27,500 - INFO -  ERROR: 5
2026-02-28 12:55:27,500 - INFO -  WARNING: 5
2026-02-28 12:55:27,500 - INFO -  INFO: 42
2026-02-28 12:55:27,500 - INFO - Keeping metrics server alive for 60 seconds...
2026-02-28 12:56:27,500 - INFO - Exiting after 60 seconds
2026-02-28 14:44:08,835 - INFO - Prometheus metrics server started on port 8000
2026-02-28 14:44:08,836 - INFO - LAUNCHING THE LOG ANALYZER
2026-02-28 14:44:08,836 - INFO - Parameters: file:sample.log, output:report.json, level:None
2026-02-28 14:44:08,836 - INFO - Reading logs from sample.log
2026-02-28 14:44:08,836 - INFO - Start parsing log
2026-02-28 14:44:08,837 - INFO - Parsing completed: {'ERROR': 5, 'WARNING': 5, 'INFO': 42}
2026-02-28 14:44:08,837 - INFO - Saving report to report.json
2026-02-28 14:44:08,837 - INFO - Report saved
2026-02-28 14:44:08,837 - INFO - Stats by logs level:
2026-02-28 14:44:08,837 - INFO -  ERROR: 5
2026-02-28 14:44:08,837 - INFO -  WARNING: 5
2026-02-28 14:44:08,837 - INFO -  INFO: 42
2026-02-28 14:44:08,837 - INFO - Keeping metrics server alive for 60 seconds...
2026-02-28 14:45:08,837 - INFO - Exiting after 60 seconds
2026-03-01 14:21:01,521 - INFO - Prometheus metrics server started on port 8000
2026-03-01 14:21:01,522 - INFO - LAUNCHING THE LOG ANALYZER
2026-03-01 14:21:01,522 - INFO - Parameters: file:sample.log, output:report.json, level:None
2026-03-01 14:21:01,522 - INFO - Reading logs from sample.log
2026-03-01 14:21:01,522 - INFO - Start parsing log
2026-03-01 14:21:01,523 - INFO - Parsing completed: {'ERROR': 5, 'WARNING': 5, 'INFO': 42}
2026-03-01 14:21:01,523 - INFO - Saving report to report.json
2026-03-01 14:21:01,523 - INFO - Report saved
2026-03-01 14:21:01,523 - INFO - Stats by logs level:
2026-03-01 14:21:01,523 - INFO -  ERROR: 5
2026-03-01 14:21:01,523 - INFO -  WARNING: 5
2026-03-01 14:21:01,523 - INFO -  INFO: 42
2026-03-01 14:21:01,523 - INFO - Keeping metrics server alive for 60 seconds...
2026-03-01 14:22:01,524 - INFO - Exiting after 60 seconds
2026-03-01 14:36:14,992 - INFO - Prometheus metrics server started on port 8000
2026-03-01 14:36:14,993 - INFO - LAUNCHING THE LOG ANALYZER
2026-03-01 14:36:14,993 - INFO - Parameters: file:sample.log, output:report.json, level:None
2026-03-01 14:36:14,993 - INFO - Reading logs from sample.log
2026-03-01 14:36:14,994 - INFO - Start parsing log
2026-03-01 14:36:14,994 - INFO - Parsing completed: {'ERROR': 5, 'WARNING': 5, 'INFO': 42}
2026-03-01 14:36:14,994 - INFO - Saving report to report.json
2026-03-01 14:36:14,995 - INFO - Report saved
2026-03-01 14:36:14,995 - INFO - Stats by logs level:
2026-03-01 14:36:14,995 - INFO -  ERROR: 5
2026-03-01 14:36:14,995 - INFO -  WARNING: 5
2026-03-01 14:36:14,995 - INFO -  INFO: 42
2026-03-01 14:36:14,995 - INFO - Keeping metrics server alive for 60 seconds...
2026-03-01 14:37:14,995 - INFO - Exiting after 60 seconds
2026-03-01 15:00:05,540 - INFO - Prometheus metrics server started on port 8000
2026-03-01 15:00:05,541 - INFO - LAUNCHING THE LOG ANALYZER
2026-03-01 15:00:05,541 - INFO - Parameters: file:sample.log, output:report.json, level:None
2026-03-01 15:00:05,541 - INFO - Reading logs from sample.log
2026-03-01 15:00:05,541 - INFO - Start parsing log
2026-03-01 15:00:05,542 - INFO - Parsing completed: {'ERROR': 5, 'WARNING': 5, 'INFO': 42}
2026-03-01 15:00:05,542 - INFO - Saving report to report.json
2026-03-01 15:00:05,542 - INFO - Report saved
2026-03-01 15:00:05,542 - INFO - Stats by logs level:
2026-03-01 15:00:05,543 - INFO -  ERROR: 5
2026-03-01 15:00:05,543 - INFO -  WARNING: 5
2026-03-01 15:00:05,543 - INFO -  INFO: 42
2026-03-01 15:00:05,543 - INFO - Keeping metrics server alive for 60 seconds...
2026-03-01 15:01:05,543 - INFO - Exiting after 60 seconds
2026-03-01 15:01:59,272 - INFO - Prometheus metrics server started on port 8000
2026-03-01 15:01:59,273 - INFO - LAUNCHING THE LOG ANALYZER
2026-03-01 15:01:59,273 - INFO - Parameters: file:sample.log, output:report.json, level:None
2026-03-01 15:01:59,273 - INFO - Reading logs from sample.log
2026-03-01 15:01:59,273 - INFO - Start parsing log
2026-03-01 15:01:59,274 - INFO - Parsing completed: {'ERROR': 5, 'WARNING': 5, 'INFO': 42}
2026-03-01 15:01:59,274 - INFO - Saving report to report.json
2026-03-01 15:01:59,274 - INFO - Report saved
2026-03-01 15:01:59,274 - INFO - Stats by logs level:
2026-03-01 15:01:59,274 - INFO -  ERROR: 5
2026-03-01 15:01:59,274 - INFO -  WARNING: 5
2026-03-01 15:01:59,274 - INFO -  INFO: 42
2026-03-01 15:01:59,274 - INFO - Keeping metrics server alive for 60 seconds...
2026-03-01 15:02:59,275 - INFO - Exiting after 60 seconds
2026-03-01 15:03:01,948 - INFO - Prometheus metrics server started on port 8000
2026-03-01 15:03:01,949 - INFO - LAUNCHING THE LOG ANALYZER
2026-03-01 15:03:01,949 - INFO - Parameters: file:sample.log, output:report.json, level:None
2026-03-01 15:03:01,949 - INFO - Reading logs from sample.log
2026-03-01 15:03:01,950 - INFO - Start parsing log
2026-03-01 15:03:01,950 - INFO - Parsing completed: {'ERROR': 5, 'WARNING': 5, 'INFO': 42}
2026-03-01 15:03:01,950 - INFO - Saving report to report.json
2026-03-01 15:03:01,950 - INFO - Report saved
2026-03-01 15:03:01,950 - INFO - Stats by logs level:
2026-03-01 15:03:01,950 - INFO -  ERROR: 5
2026-03-01 15:03:01,951 - INFO -  WARNING: 5
2026-03-01 15:03:01,951 - INFO -  INFO: 42
2026-03-01 15:03:01,951 - INFO - Keeping metrics server alive for 60 seconds...
2026-03-01 15:04:01,951 - INFO - Exiting after 60 seconds
2026-03-01 15:34:33,642 - INFO - Prometheus metrics server started on port 8000
2026-03-01 15:34:33,643 - INFO - LAUNCHING THE LOG ANALYZER
2026-03-01 15:34:33,643 - INFO - Parameters: file:sample.log, output:report.json, level:None
2026-03-01 15:34:33,643 - INFO - Reading logs from sample.log
2026-03-01 15:34:33,643 - INFO - Start parsing log
2026-03-01 15:34:33,644 - INFO - Parsing completed: {'ERROR': 5, 'WARNING': 5, 'INFO': 42}
2026-03-01 15:34:33,644 - INFO - Saving report to report.json
2026-03-01 15:34:33,644 - INFO - Report saved
2026-03-01 15:34:33,644 - INFO - Stats by logs level:
2026-03-01 15:34:33,644 - INFO -  ERROR: 5
2026-03-01 15:34:33,644 - INFO -  WARNING: 5
2026-03-01 15:34:33,644 - INFO -  INFO: 42
2026-03-01 15:34:33,644 - INFO - Keeping metrics server alive for 60 seconds...
2026-03-01 15:35:33,644 - INFO - Exiting after 60 seconds
2026-03-01 15:50:00,702 - INFO - Prometheus metrics server started on port 8000
2026-03-01 15:50:00,702 - INFO - LAUNCHING THE LOG ANALYZER
2026-03-01 15:50:00,702 - INFO - Parameters: file:sample.log, output:report.json, level:None
2026-03-01 15:50:00,703 - INFO - Reading logs from sample.log
2026-03-01 15:50:00,703 - INFO - Start parsing log
2026-03-01 15:50:00,703 - INFO - Parsing completed: {'ERROR': 5, 'WARNING': 5, 'INFO': 42}
2026-03-01 15:50:00,703 - INFO - Saving report to report.json
2026-03-01 15:50:00,704 - INFO - Report saved
2026-03-01 15:50:00,704 - INFO - Stats by logs level:
2026-03-01 15:50:00,704 - INFO -  ERROR: 5
2026-03-01 15:50:00,704 - INFO -  WARNING: 5
2026-03-01 15:50:00,704 - INFO -  INFO: 42
2026-03-01 15:50:00,704 - INFO - Keeping metrics server alive for 60 seconds...
2026-03-01 15:51:00,704 - INFO - Exiting after 60 seconds
2026-03-01 16:04:56,639 - INFO - Prometheus metrics server started on port 8000
2026-03-01 16:04:56,640 - INFO - LAUNCHING THE LOG ANALYZER
2026-03-01 16:04:56,640 - INFO - Parameters: file:sample.log, output:report.json, level:None
2026-03-01 16:04:56,640 - INFO - Reading logs from sample.log
2026-03-01 16:04:56,641 - INFO - Start parsing log
2026-03-01 16:04:56,641 - INFO - Parsing completed: {'ERROR': 5, 'WARNING': 5, 'INFO': 42}
2026-03-01 16:04:56,641 - INFO - Saving report to report.json
2026-03-01 16:04:56,641 - INFO - Report saved
2026-03-01 16:04:56,642 - INFO - Stats by logs level:
2026-03-01 16:04:56,642 - INFO -  ERROR: 5
2026-03-01 16:04:56,642 - INFO -  WARNING: 5
2026-03-01 16:04:56,642 - INFO -  INFO: 42
2026-03-01 16:04:56,642 - INFO - Keeping metrics server alive for 60 seconds...
2026-03-01 16:05:56,642 - INFO - Exiting after 60 seconds
2026-03-01 16:23:30,011 - INFO - Prometheus metrics server started on port 8000
2026-03-01 16:23:30,012 - INFO - LAUNCHING THE LOG ANALYZER
2026-03-01 16:23:30,012 - INFO - Parameters: file:sample.log, output:report.json, level:None
2026-03-01 16:23:30,012 - INFO - Reading logs from sample.log
2026-03-01 16:23:30,012 - INFO - Start parsing log
2026-03-01 16:23:30,013 - INFO - Parsing completed: {'ERROR': 5, 'WARNING': 5, 'INFO': 42}
2026-03-01 16:23:30,013 - INFO - Saving report to report.json
2026-03-01 16:23:30,013 - INFO - Report saved
2026-03-01 16:23:30,013 - INFO - Stats by logs level:
2026-03-01 16:23:30,013 - INFO -  ERROR: 5
2026-03-01 16:23:30,013 - INFO -  WARNING: 5
2026-03-01 16:23:30,013 - INFO -  INFO: 42
2026-03-01 16:23:30,013 - INFO - Keeping metrics server alive for 60 seconds...
2026-03-01 16:24:30,014 - INFO - Exiting after 60 seconds
2026-03-01 16:38:39,846 - INFO - Prometheus metrics server started on port 8000
2026-03-01 16:38:39,847 - INFO - LAUNCHING THE LOG ANALYZER
2026-03-01 16:38:39,847 - INFO - Parameters: file:sample.log, output:report.json, level:None
2026-03-01 16:38:39,847 - INFO - Reading logs from sample.log
2026-03-01 16:38:39,847 - INFO - Start parsing log
2026-03-01 16:38:39,848 - INFO - Parsing completed: {'ERROR': 5, 'WARNING': 5, 'INFO': 42}
2026-03-01 16:38:39,848 - INFO - Saving report to report.json
2026-03-01 16:38:39,848 - INFO - Report saved
2026-03-01 16:38:39,848 - INFO - Stats by logs level:
2026-03-01 16:38:39,848 - INFO -  ERROR: 5
2026-03-01 16:38:39,848 - INFO -  WARNING: 5
2026-03-01 16:38:39,849 - INFO -  INFO: 42
2026-03-01 16:38:39,849 - INFO - Keeping metrics server alive for 60 seconds...
2026-03-01 16:39:39,849 - INFO - Exiting after 60 seconds
2026-03-01 16:57:44,138 - INFO - Prometheus metrics server started on port 8000
2026-03-01 16:57:44,139 - INFO - LAUNCHING THE LOG ANALYZER
2026-03-01 16:57:44,139 - INFO - Parameters: file:sample.log, output:report.json, level:None
2026-03-01 16:57:44,139 - INFO - Reading logs from sample.log
2026-03-01 16:57:44,139 - INFO - Start parsing log
2026-03-01 16:57:44,140 - INFO - Parsing completed: {'ERROR': 5, 'WARNING': 5, 'INFO': 42}
2026-03-01 16:57:44,140 - INFO - Saving report to report.json
2026-03-01 16:57:44,141 - INFO - Report saved
2026-03-01 16:57:44,141 - INFO - Stats by logs level:
2026-03-01 16:57:44,141 - INFO -  ERROR: 5
2026-03-01 16:57:44,141 - INFO -  WARNING: 5
2026-03-01 16:57:44,141 - INFO -  INFO: 42
2026-03-01 16:57:44,141 - INFO - Keeping metrics server alive for 60 seconds...
2026-03-01 16:58:44,141 - INFO - Exiting after 60 seconds
2026-03-01 17:47:23,987 - INFO - Prometheus metrics server started on port 8000
2026-03-01 17:47:23,988 - INFO - LAUNCHING THE LOG ANALYZER
2026-03-01 17:47:23,988 - INFO - Parameters: file:sample.log, output:report.json, level:None
2026-03-01 17:47:23,988 - INFO - Reading logs from sample.log
2026-03-01 17:47:23,989 - INFO - Start parsing log
2026-03-01 17:47:23,989 - INFO - Parsing completed: {'ERROR': 5, 'WARNING': 5, 'INFO': 42}
2026-03-01 17:47:23,989 - INFO - Saving report to report.json
2026-03-01 17:47:23,990 - INFO - Report saved
2026-03-01 17:47:23,990 - INFO - Stats by logs level:
2026-03-01 17:47:23,990 - INFO -  ERROR: 5
2026-03-01 17:47:23,990 - INFO -  WARNING: 5
2026-03-01 17:47:23,990 - INFO -  INFO: 42
2026-03-01 17:47:23,990 - INFO - Keeping metrics server alive for 60 seconds...
2026-03-01 17:48:23,990 - INFO - Exiting after 60 seconds
2026-03-01 17:48:27,826 - INFO - Prometheus metrics server started on port 8000
2026-03-01 17:48:27,827 - INFO - LAUNCHING THE LOG ANALYZER
2026-03-01 17:48:27,828 - INFO - Parameters: file:sample.log, output:report.json, level:None
2026-03-01 17:48:27,828 - INFO - Reading logs from sample.log
2026-03-01 17:48:27,828 - INFO - Start parsing log
2026-03-01 17:48:27,828 - INFO - Parsing completed: {'ERROR': 5, 'WARNING': 5, 'INFO': 42}
2026-03-01 17:48:27,829 - INFO - Saving report to report.json
2026-03-01 17:48:27,829 - INFO - Report saved
2026-03-01 17:48:27,829 - INFO - Stats by logs level:
2026-03-01 17:48:27,829 - INFO -  ERROR: 5
2026-03-01 17:48:27,829 - INFO -  WARNING: 5
2026-03-01 17:48:27,829 - INFO -  INFO: 42
2026-03-01 17:48:27,829 - INFO - Keeping metrics server alive for 60 seconds...
2026-03-01 17:49:27,829 - INFO - Exiting after 60 seconds
2026-03-01 18:04:11,138 - INFO - Prometheus metrics server started on port 8000
2026-03-01 18:04:11,139 - INFO - LAUNCHING THE LOG ANALYZER
2026-03-01 18:04:11,139 - INFO - Parameters: file:sample.log, output:report.json, level:None
2026-03-01 18:04:11,139 - INFO - Reading logs from sample.log
2026-03-01 18:04:11,139 - INFO - Start parsing log
2026-03-01 18:04:11,140 - INFO - Parsing completed: {'ERROR': 5, 'WARNING': 5, 'INFO': 42}
2026-03-01 18:04:11,140 - INFO - Saving report to report.json
2026-03-01 18:04:11,140 - INFO - Report saved
2026-03-01 18:04:11,140 - INFO - Stats by logs level:
2026-03-01 18:04:11,140 - INFO -  ERROR: 5
2026-03-01 18:04:11,140 - INFO -  WARNING: 5
2026-03-01 18:04:11,140 - INFO -  INFO: 42
2026-03-01 18:04:11,140 - INFO - Keeping metrics server alive for 60 seconds...
2026-03-01 18:05:11,141 - INFO - Exiting after 60 seconds
2026-03-01 18:08:05,336 - INFO - Prometheus metrics server started on port 8000
2026-03-01 18:08:05,337 - INFO - LAUNCHING THE LOG ANALYZER
2026-03-01 18:08:05,337 - INFO - Parameters: file:sample.log, output:report.json, level:None
2026-03-01 18:08:05,337 - INFO - Reading logs from sample.log
2026-03-01 18:08:05,337 - INFO - Start parsing log
2026-03-01 18:08:05,338 - INFO - Parsing completed: {'ERROR': 5, 'WARNING': 5, 'INFO': 42}
2026-03-01 18:08:05,338 - INFO - Saving report to report.json
2026-03-01 18:08:05,338 - INFO - Report saved
2026-03-01 18:08:05,338 - INFO - Stats by logs level:
2026-03-01 18:08:05,338 - INFO -  ERROR: 5
2026-03-01 18:08:05,338 - INFO -  WARNING: 5
2026-03-01 18:08:05,338 - INFO -  INFO: 42
2026-03-01 18:08:05,338 - INFO - Keeping metrics server alive for 60 seconds...
2026-03-01 18:09:05,338 - INFO - Exiting after 60 seconds
2026-03-01 18:13:06,016 - INFO - Prometheus metrics server started on port 8000
2026-03-01 18:13:06,016 - INFO - LAUNCHING THE LOG ANALYZER
2026-03-01 18:13:06,017 - INFO - Parameters: file:sample.log, output:report.json, level:None
2026-03-01 18:13:06,017 - INFO - Reading logs from sample.log
2026-03-01 18:13:06,017 - INFO - Start parsing log
2026-03-01 18:13:06,017 - INFO - Parsing completed: {'ERROR': 5, 'WARNING': 5, 'INFO': 42}
2026-03-01 18:13:06,017 - INFO - Saving report to report.json
2026-03-01 18:13:06,018 - INFO - Report saved
2026-03-01 18:13:06,018 - INFO - Stats by logs level:
2026-03-01 18:13:06,018 - INFO -  ERROR: 5
2026-03-01 18:13:06,018 - INFO -  WARNING: 5
2026-03-01 18:13:06,018 - INFO -  INFO: 42
2026-03-01 18:13:06,018 - INFO - Keeping metrics server alive for 60 seconds...
2026-03-01 18:14:06,018 - INFO - Exiting after 60 seconds
2026-03-01 18:18:23,151 - INFO - Prometheus metrics server started on port 8000
2026-03-01 18:18:23,152 - INFO - LAUNCHING THE LOG ANALYZER
2026-03-01 18:18:23,152 - INFO - Parameters: file:sample.log, output:report.json, level:None
2026-03-01 18:18:23,153 - INFO - Reading logs from sample.log
2026-03-01 18:18:23,153 - INFO - Start parsing log
2026-03-01 18:18:23,153 - INFO - Parsing completed: {'ERROR': 5, 'WARNING': 5, 'INFO': 42}
2026-03-01 18:18:23,153 - INFO - Saving report to report.json
2026-03-01 18:18:23,154 - INFO - Report saved
2026-03-01 18:18:23,154 - INFO - Stats by logs level:
2026-03-01 18:18:23,154 - INFO -  ERROR: 5
2026-03-01 18:18:23,154 - INFO -  WARNING: 5
2026-03-01 18:18:23,154 - INFO -  INFO: 42
2026-03-01 18:18:23,154 - INFO - Keeping metrics server alive for 60 seconds...
2026-03-01 18:19:23,154 - INFO - Exiting after 60 seconds
2026-03-01 18:22:05,895 - INFO - Prometheus metrics server started on port 8000
2026-03-01 18:22:05,896 - INFO - LAUNCHING THE LOG ANALYZER
2026-03-01 18:22:05,896 - INFO - Parameters: file:sample.log, output:report.json, level:None
2026-03-01 18:22:05,896 - INFO - Reading logs from sample.log
2026-03-01 18:22:05,896 - INFO - Start parsing log
2026-03-01 18:22:05,897 - INFO - Parsing completed: {'ERROR': 5, 'WARNING': 5, 'INFO': 42}
2026-03-01 18:22:05,897 - INFO - Saving report to report.json
2026-03-01 18:22:05,897 - INFO - Report saved
2026-03-01 18:22:05,897 - INFO - Stats by logs level:
2026-03-01 18:22:05,897 - INFO -  ERROR: 5
2026-03-01 18:22:05,897 - INFO -  WARNING: 5
2026-03-01 18:22:05,897 - INFO -  INFO: 42
2026-03-01 18:22:05,897 - INFO - Keeping metrics server alive for 60 seconds...
2026-03-01 18:23:05,898 - INFO - Exiting after 60 seconds
2026-03-01 19:03:28,766 - INFO - Prometheus metrics server started on port 8000
2026-03-01 19:03:28,767 - INFO - LAUNCHING THE LOG ANALYZER
2026-03-01 19:03:28,767 - INFO - Parameters: file:sample.log, output:report.json, level:None
2026-03-01 19:03:28,767 - INFO - Reading logs from sample.log
2026-03-01 19:03:28,767 - INFO - Start parsing log
2026-03-01 19:03:28,768 - INFO - Parsing completed: {'ERROR': 5, 'WARNING': 5, 'INFO': 42}
2026-03-01 19:03:28,768 - INFO - Saving report to report.json
2026-03-01 19:03:28,768 - INFO - Report saved
2026-03-01 19:03:28,768 - INFO - Stats by logs level:
2026-03-01 19:03:28,768 - INFO -  ERROR: 5
2026-03-01 19:03:28,768 - INFO -  WARNING: 5
2026-03-01 19:03:28,768 - INFO -  INFO: 42
2026-03-01 19:03:28,768 - INFO - Keeping metrics server alive for 60 seconds...
2026-03-01 19:04:28,769 - INFO - Exiting after 60 seconds
2026-03-01 19:06:46,475 - INFO - Prometheus metrics server started on port 8000
2026-03-01 19:06:46,476 - INFO - LAUNCHING THE LOG ANALYZER
2026-03-01 19:06:46,476 - INFO - Parameters: file:sample.log, output:report.json, level:None
2026-03-01 19:06:46,476 - INFO - Reading logs from sample.log
2026-03-01 19:06:46,476 - INFO - Start parsing log
2026-03-01 19:06:46,477 - INFO - Parsing completed: {'ERROR': 5, 'WARNING': 5, 'INFO': 42}
2026-03-01 19:06:46,477 - INFO - Saving report to report.json
2026-03-01 19:06:46,477 - INFO - Report saved
2026-03-01 19:06:46,477 - INFO - Stats by logs level:
2026-03-01 19:06:46,477 - INFO -  ERROR: 5
2026-03-01 19:06:46,477 - INFO -  WARNING: 5
2026-03-01 19:06:46,477 - INFO -  INFO: 42
2026-03-01 19:06:46,477 - INFO - Keeping metrics server alive for 60 seconds...
2026-03-01 19:07:46,478 - INFO - Exiting after 60 seconds
2026-03-01 19:11:04,333 - INFO - Prometheus metrics server started on port 8000
2026-03-01 19:11:04,334 - INFO - LAUNCHING THE LOG ANALYZER
2026-03-01 19:11:04,334 - INFO - Parameters: file:sample.log, output:report.json, level:None
2026-03-01 19:11:04,334 - INFO - Reading logs from sample.log
2026-03-01 19:11:04,335 - INFO - Start parsing log
2026-03-01 19:11:04,335 - INFO - Parsing completed: {'ERROR': 5, 'WARNING': 5, 'INFO': 42}
2026-03-01 19:11:04,335 - INFO - Saving report to report.json
2026-03-01 19:11:04,336 - INFO - Report saved
2026-03-01 19:11:04,336 - INFO - Stats by logs level:
2026-03-01 19:11:04,336 - INFO -  ERROR: 5
2026-03-01 19:11:04,336 - INFO -  WARNING: 5
2026-03-01 19:11:04,336 - INFO -  INFO: 42
2026-03-01 19:11:04,336 - INFO - Keeping metrics server alive for 60 seconds...
2026-03-01 19:12:04,336 - INFO - Exiting after 60 seconds
2026-03-01 19:14:21,281 - INFO - Prometheus metrics server started on port 8000
2026-03-01 19:14:21,282 - INFO - LAUNCHING THE LOG ANALYZER
2026-03-01 19:14:21,282 - INFO - Parameters: file:sample.log, output:report.json, level:None
2026-03-01 19:14:21,282 - INFO - Reading logs from sample.log
2026-03-01 19:14:21,282 - INFO - Start parsing log
2026-03-01 19:14:21,283 - INFO - Parsing completed: {'ERROR': 5, 'WARNING': 5, 'INFO': 42}
2026-03-01 19:14:21,283 - INFO - Saving report to report.json
2026-03-01 19:14:21,283 - INFO - Report saved
2026-03-01 19:14:21,283 - INFO - Stats by logs level:
2026-03-01 19:14:21,283 - INFO -  ERROR: 5
2026-03-01 19:14:21,283 - INFO -  WARNING: 5
2026-03-01 19:14:21,283 - INFO -  INFO: 42
2026-03-01 19:14:21,283 - INFO - Keeping metrics server alive for 60 seconds...
2026-03-01 19:15:21,284 - INFO - Exiting after 60 seconds
