2026-02-08T19:13:41.872612+02:00 vova rsyslogd: [origin software="rsyslogd" swVersion="8.2312.0" x-pid="1304" x-info="https://www.rsyslog.com"] rsyslogd was HUPed
2026-02-08T19:13:41.875165+02:00 vova systemd[1]: Received SIGRTMIN+21 from PID 349 (plymouthd).
2026-02-08T19:13:41.878697+02:00 vova systemd[1]: logrotate.service: Deactivated successfully.
2026-02-08T19:13:41.879010+02:00 vova systemd[1]: Finished logrotate.service - Rotate log files.
2026-02-08T19:13:41.913466+02:00 vova systemd[1]: Created slice user-123.slice - User Slice of UID 123.
2026-02-08T19:13:41.913967+02:00 vova containerd[2009]: time="2026-02-08T19:13:41+02:00" level=warning msg="containerd config version `1` has been deprecated and will be removed in containerd v2.0, please switch to version `2`, see https://github.com/containerd/containerd/blob/main/docs/PLUGINS.md#version-header"
2026-02-08T19:13:41.915430+02:00 vova containerd[2009]: time="2026-02-08T19:13:41.915375277+02:00" level=info msg="starting containerd" revision=e377cd56a71523140ca6ae87e30244719194a521 version=1.6.31
2026-02-08T19:13:41.929477+02:00 vova systemd[1]: Starting user-runtime-dir@123.service - User Runtime Directory /run/user/123...
2026-02-08T19:13:41.930380+02:00 vova containerd[2009]: time="2026-02-08T19:13:41.930268580+02:00" level=info msg="loading plugin \"io.containerd.snapshotter.v1.aufs\"..." type=io.containerd.snapshotter.v1
2026-02-08T19:13:41.932724+02:00 vova containerd[2009]: time="2026-02-08T19:13:41.932645000+02:00" level=info msg="skip loading plugin \"io.containerd.snapshotter.v1.aufs\"..." error="aufs is not supported (modprobe aufs failed: exit status 1 \"modprobe: FATAL: Module aufs not found in directory /lib/modules/6.8.0-100-generic\\n\"): skip plugin" type=io.containerd.snapshotter.v1
2026-02-08T19:13:41.932769+02:00 vova containerd[2009]: time="2026-02-08T19:13:41.932686974+02:00" level=info msg="loading plugin \"io.containerd.content.v1.content\"..." type=io.containerd.content.v1
2026-02-08T19:13:41.932930+02:00 vova containerd[2009]: time="2026-02-08T19:13:41.932896009+02:00" level=info msg="loading plugin \"io.containerd.snapshotter.v1.btrfs\"..." type=io.containerd.snapshotter.v1
2026-02-08T19:13:41.933291+02:00 vova containerd[2009]: time="2026-02-08T19:13:41.933254155+02:00" level=info msg="skip loading plugin \"io.containerd.snapshotter.v1.btrfs\"..." error="path /var/lib/containerd/io.containerd.snapshotter.v1.btrfs (ext4) must be a btrfs filesystem to be used with the btrfs snapshotter: skip plugin" type=io.containerd.snapshotter.v1
2026-02-08T19:13:41.933317+02:00 vova containerd[2009]: time="2026-02-08T19:13:41.933269381+02:00" level=info msg="loading plugin \"io.containerd.snapshotter.v1.devmapper\"..." type=io.containerd.snapshotter.v1
2026-02-08T19:13:41.933353+02:00 vova containerd[2009]: time="2026-02-08T19:13:41.933283069+02:00" level=warning msg="failed to load plugin io.containerd.snapshotter.v1.devmapper" error="devmapper not configured"
2026-02-08T19:13:41.933377+02:00 vova containerd[2009]: time="2026-02-08T19:13:41.933292987+02:00" level=info msg="loading plugin \"io.containerd.snapshotter.v1.native\"..." type=io.containerd.snapshotter.v1
2026-02-08T19:13:41.933609+02:00 vova containerd[2009]: time="2026-02-08T19:13:41.933576612+02:00" level=info msg="loading plugin \"io.containerd.snapshotter.v1.overlayfs\"..." type=io.containerd.snapshotter.v1
2026-02-08T19:13:41.933970+02:00 vova containerd[2009]: time="2026-02-08T19:13:41.933938111+02:00" level=info msg="loading plugin \"io.containerd.snapshotter.v1.zfs\"..." type=io.containerd.snapshotter.v1
2026-02-08T19:13:41.934287+02:00 vova containerd[2009]: time="2026-02-08T19:13:41.934252047+02:00" level=info msg="skip loading plugin \"io.containerd.snapshotter.v1.zfs\"..." error="path /var/lib/containerd/io.containerd.snapshotter.v1.zfs must be a zfs filesystem to be used with the zfs snapshotter: skip plugin" type=io.containerd.snapshotter.v1
2026-02-08T19:13:41.934314+02:00 vova containerd[2009]: time="2026-02-08T19:13:41.934265527+02:00" level=info msg="loading plugin \"io.containerd.metadata.v1.bolt\"..." type=io.containerd.metadata.v1
2026-02-08T19:13:41.934363+02:00 vova containerd[2009]: time="2026-02-08T19:13:41.934287317+02:00" level=warning msg="could not use snapshotter devmapper in metadata plugin" error="devmapper not configured"
2026-02-08T19:13:41.934387+02:00 vova containerd[2009]: time="2026-02-08T19:13:41.934300308+02:00" level=info msg="metadata content store policy set" policy=shared
2026-02-08T19:13:41.936134+02:00 vova containerd[2009]: time="2026-02-08T19:13:41.936077768+02:00" level=info msg="loading plugin \"io.containerd.differ.v1.walking\"..." type=io.containerd.differ.v1
2026-02-08T19:13:41.936184+02:00 vova containerd[2009]: time="2026-02-08T19:13:41.936107870+02:00" level=info msg="loading plugin \"io.containerd.event.v1.exchange\"..." type=io.containerd.event.v1
2026-02-08T19:13:41.936235+02:00 vova containerd[2009]: time="2026-02-08T19:13:41.936120860+02:00" level=info msg="loading plugin \"io.containerd.gc.v1.scheduler\"..." type=io.containerd.gc.v1
2026-02-08T19:13:41.936260+02:00 vova containerd[2009]: time="2026-02-08T19:13:41.936166467+02:00" level=info msg="loading plugin \"io.containerd.runtime.v1.linux\"..." type=io.containerd.runtime.v1
2026-02-08T19:13:41.936295+02:00 vova containerd[2009]: time="2026-02-08T19:13:41.936238613+02:00" level=info msg="loading plugin \"io.containerd.runtime.v2.task\"..." type=io.containerd.runtime.v2
2026-02-08T19:13:41.936332+02:00 vova containerd[2009]: time="2026-02-08T19:13:41.936303914+02:00" level=info msg="loading plugin \"io.containerd.internal.v1.opt\"..." type=io.containerd.internal.v1
2026-02-08T19:13:41.936631+02:00 vova containerd[2009]: time="2026-02-08T19:13:41.936592568+02:00" level=info msg="loading plugin \"io.containerd.warning.v1.deprecations\"..." type=io.containerd.warning.v1
2026-02-08T19:13:41.936677+02:00 vova containerd[2009]: time="2026-02-08T19:13:41.936614010+02:00" level=info msg="loading plugin \"io.containerd.monitor.v1.cgroups\"..." type=io.containerd.monitor.v1
2026-02-08T19:13:41.937899+02:00 vova containerd[2009]: time="2026-02-08T19:13:41.937834416+02:00" level=info msg="loading plugin \"io.containerd.service.v1.containers-service\"..." type=io.containerd.service.v1
2026-02-08T19:13:41.937948+02:00 vova containerd[2009]: time="2026-02-08T19:13:41.937872549+02:00" level=info msg="loading plugin \"io.containerd.service.v1.content-service\"..." type=io.containerd.service.v1
2026-02-08T19:13:41.938003+02:00 vova containerd[2009]: time="2026-02-08T19:13:41.937885540+02:00" level=info msg="loading plugin \"io.containerd.service.v1.diff-service\"..." type=io.containerd.service.v1
2026-02-08T19:13:41.938035+02:00 vova containerd[2009]: time="2026-02-08T19:13:41.937899299+02:00" level=info msg="loading plugin \"io.containerd.service.v1.images-service\"..." type=io.containerd.service.v1
2026-02-08T19:13:41.938065+02:00 vova containerd[2009]: time="2026-02-08T19:13:41.937913197+02:00" level=info msg="loading plugin \"io.containerd.service.v1.introspection-service\"..." type=io.containerd.service.v1
2026-02-08T19:13:41.938103+02:00 vova containerd[2009]: time="2026-02-08T19:13:41.937931216+02:00" level=info msg="loading plugin \"io.containerd.service.v1.leases-service\"..." type=io.containerd.service.v1
2026-02-08T19:13:41.938134+02:00 vova containerd[2009]: time="2026-02-08T19:13:41.937948467+02:00" level=info msg="loading plugin \"io.containerd.service.v1.namespaces-service\"..." type=io.containerd.service.v1
2026-02-08T19:13:41.938172+02:00 vova containerd[2009]: time="2026-02-08T19:13:41.937960759+02:00" level=info msg="loading plugin \"io.containerd.service.v1.snapshots-service\"..." type=io.containerd.service.v1
2026-02-08T19:13:41.938200+02:00 vova containerd[2009]: time="2026-02-08T19:13:41.937979965+02:00" level=info msg="loading plugin \"io.containerd.service.v1.tasks-service\"..." type=io.containerd.service.v1
2026-02-08T19:13:41.938263+02:00 vova containerd[2009]: time="2026-02-08T19:13:41.938001337+02:00" level=info msg="loading plugin \"io.containerd.grpc.v1.containers\"..." type=io.containerd.grpc.v1
2026-02-08T19:13:41.938295+02:00 vova containerd[2009]: time="2026-02-08T19:13:41.938015724+02:00" level=info msg="loading plugin \"io.containerd.grpc.v1.content\"..." type=io.containerd.grpc.v1
2026-02-08T19:13:41.938325+02:00 vova containerd[2009]: time="2026-02-08T19:13:41.938030740+02:00" level=info msg="loading plugin \"io.containerd.grpc.v1.diff\"..." type=io.containerd.grpc.v1
2026-02-08T19:13:41.938364+02:00 vova containerd[2009]: time="2026-02-08T19:13:41.938044638+02:00" level=info msg="loading plugin \"io.containerd.grpc.v1.events\"..." type=io.containerd.grpc.v1
2026-02-08T19:13:41.938395+02:00 vova containerd[2009]: time="2026-02-08T19:13:41.938057280+02:00" level=info msg="loading plugin \"io.containerd.grpc.v1.images\"..." type=io.containerd.grpc.v1
2026-02-08T19:13:41.938425+02:00 vova containerd[2009]: time="2026-02-08T19:13:41.938074461+02:00" level=info msg="loading plugin \"io.containerd.grpc.v1.introspection\"..." type=io.containerd.grpc.v1
2026-02-08T19:13:41.938460+02:00 vova containerd[2009]: time="2026-02-08T19:13:41.938090594+02:00" level=info msg="loading plugin \"io.containerd.grpc.v1.leases\"..." type=io.containerd.grpc.v1
2026-02-08T19:13:41.938504+02:00 vova containerd[2009]: time="2026-02-08T19:13:41.938106448+02:00" level=info msg="loading plugin \"io.containerd.grpc.v1.namespaces\"..." type=io.containerd.grpc.v1
2026-02-08T19:13:41.938534+02:00 vova containerd[2009]: time="2026-02-08T19:13:41.938123000+02:00" level=info msg="loading plugin \"io.containerd.grpc.v1.snapshots\"..." type=io.containerd.grpc.v1
2026-02-08T19:13:41.938571+02:00 vova containerd[2009]: time="2026-02-08T19:13:41.938140321+02:00" level=info msg="loading plugin \"io.containerd.grpc.v1.tasks\"..." type=io.containerd.grpc.v1
2026-02-08T19:13:41.938602+02:00 vova containerd[2009]: time="2026-02-08T19:13:41.938168956+02:00" level=info msg="loading plugin \"io.containerd.grpc.v1.version\"..." type=io.containerd.grpc.v1
